Flow report for RV32I
Sun Oct 12 22:19:56 2025
Quartus II 64-Bit Version 13.0.1 Build 232 06/12/2013 Service Pack 1 SJ Web Edition


---------------------
; Table of Contents ;
---------------------
  1. Legal Notice
  2. Flow Summary
  3. Flow Settings
  4. Flow Non-Default Global Settings
  5. Flow Elapsed Time
  6. Flow OS Summary
  7. Flow Log
  8. Flow Messages
  9. Flow Suppressed Messages



----------------
; Legal Notice ;
----------------
Copyright (C) 1991-2013 Altera Corporation
Your use of Altera Corporation's design tools, logic functions 
and other software and tools, and its AMPP partner logic 
functions, and any output files from any of the foregoing 
(including device programming or simulation files), and any 
associated documentation or information are expressly subject 
to the terms and conditions of the Altera Program License 
Subscription Agreement, Altera MegaCore Function License 
Agreement, or other applicable license agreement, including, 
without limitation, that your use is for the sole purpose of 
programming logic devices manufactured by Altera and sold by 
Altera or its authorized distributors.  Please refer to the 
applicable agreement for further details.



+--------------------------------------------------------------------------------------+
; Flow Summary                                                                         ;
+------------------------------------+-------------------------------------------------+
; Flow Status                        ; Successful - Sun Oct 12 22:19:56 2025           ;
; Quartus II 64-Bit Version          ; 13.0.1 Build 232 06/12/2013 SP 1 SJ Web Edition ;
; Revision Name                      ; RV32I                                           ;
; Top-level Entity Name              ; RV32I                                           ;
; Family                             ; Cyclone II                                      ;
; Device                             ; EP2C35F672C6                                    ;
; Timing Models                      ; Final                                           ;
; Total logic elements               ; 6,686 / 33,216 ( 20 % )                         ;
;     Total combinational functions  ; 6,632 / 33,216 ( 20 % )                         ;
;     Dedicated logic registers      ; 467 / 33,216 ( 1 % )                            ;
; Total registers                    ; 467                                             ;
; Total pins                         ; 113 / 475 ( 24 % )                              ;
; Total virtual pins                 ; 0                                               ;
; Total memory bits                  ; 34,304 / 483,840 ( 7 % )                        ;
; Embedded Multiplier 9-bit elements ; 30 / 70 ( 43 % )                                ;
; Total PLLs                         ; 0 / 4 ( 0 % )                                   ;
+------------------------------------+-------------------------------------------------+


+-----------------------------------------+
; Flow Settings                           ;
+-------------------+---------------------+
; Option            ; Setting             ;
+-------------------+---------------------+
; Start date & time ; 10/12/2025 22:18:56 ;
; Main task         ; Compilation         ;
; Revision Name     ; RV32I               ;
+-------------------+---------------------+


+-----------------------------------------------------------------------------------------------------------------------------+
; Flow Non-Default Global Settings                                                                                            ;
+--------------------------------------+---------------------------------------+---------------+-------------+----------------+
; Assignment Name                      ; Value                                 ; Default Value ; Entity Name ; Section Id     ;
+--------------------------------------+---------------------------------------+---------------+-------------+----------------+
; COMPILER_SIGNATURE_ID                ; 220292356981516.176028233507200       ; --            ; --          ; --             ;
; EDA_DESIGN_INSTANCE_NAME             ; NA                                    ; --            ; --          ; RV32I_tb       ;
; EDA_NATIVELINK_SIMULATION_TEST_BENCH ; RV32I_tb                              ; --            ; --          ; eda_simulation ;
; EDA_OUTPUT_DATA_FORMAT               ; Verilog Hdl                           ; --            ; --          ; eda_simulation ;
; EDA_SIMULATION_TOOL                  ; ModelSim-Altera (Verilog)             ; <None>        ; --          ; --             ;
; EDA_TEST_BENCH_ENABLE_STATUS         ; TEST_BENCH_MODE                       ; --            ; --          ; eda_simulation ;
; EDA_TEST_BENCH_FILE                  ; RV32I_tb.v                            ; --            ; --          ; RV32I_tb       ;
; EDA_TEST_BENCH_MODULE_NAME           ; RV32I_tb                              ; --            ; --          ; RV32I_tb       ;
; EDA_TEST_BENCH_NAME                  ; RV32I_tb                              ; --            ; --          ; eda_simulation ;
; EDA_TIME_SCALE                       ; 100 ps                                ; --            ; --          ; eda_simulation ;
; MAX_CORE_JUNCTION_TEMP               ; 85                                    ; --            ; --          ; --             ;
; MIN_CORE_JUNCTION_TEMP               ; 0                                     ; --            ; --          ; --             ;
; PARTITION_COLOR                      ; 16764057                              ; --            ; --          ; Top            ;
; PARTITION_FITTER_PRESERVATION_LEVEL  ; PLACEMENT_AND_ROUTING                 ; --            ; --          ; Top            ;
; PARTITION_NETLIST_TYPE               ; SOURCE                                ; --            ; --          ; Top            ;
; POWER_BOARD_THERMAL_MODEL            ; None (CONSERVATIVE)                   ; --            ; --          ; --             ;
; POWER_PRESET_COOLING_SOLUTION        ; 23 MM HEAT SINK WITH 200 LFPM AIRFLOW ; --            ; --          ; --             ;
; PROJECT_OUTPUT_DIRECTORY             ; output_files                          ; --            ; --          ; --             ;
+--------------------------------------+---------------------------------------+---------------+-------------+----------------+


+-------------------------------------------------------------------------------------------------------------------------------+
; Flow Elapsed Time                                                                                                             ;
+---------------------------+--------------+-------------------------+---------------------+------------------------------------+
; Module Name               ; Elapsed Time ; Average Processors Used ; Peak Virtual Memory ; Total CPU Time (on all processors) ;
+---------------------------+--------------+-------------------------+---------------------+------------------------------------+
; Analysis & Synthesis      ; 00:00:16     ; 1.0                     ; 4684 MB             ; 00:00:16                           ;
; Fitter                    ; 00:00:32     ; 2.7                     ; 5715 MB             ; 00:01:04                           ;
; Assembler                 ; 00:00:01     ; 1.0                     ; 4595 MB             ; 00:00:02                           ;
; TimeQuest Timing Analyzer ; 00:00:03     ; 1.0                     ; 4790 MB             ; 00:00:03                           ;
; EDA Netlist Writer        ; 00:00:03     ; 1.0                     ; 4620 MB             ; 00:00:03                           ;
; Total                     ; 00:00:55     ; --                      ; --                  ; 00:01:28                           ;
+---------------------------+--------------+-------------------------+---------------------+------------------------------------+


+----------------------------------------------------------------------------------------+
; Flow OS Summary                                                                        ;
+---------------------------+------------------+-----------+------------+----------------+
; Module Name               ; Machine Hostname ; OS Name   ; OS Version ; Processor type ;
+---------------------------+------------------+-----------+------------+----------------+
; Analysis & Synthesis      ; Admin-PC         ; Windows 7 ; 6.2        ; x86_64         ;
; Fitter                    ; Admin-PC         ; Windows 7 ; 6.2        ; x86_64         ;
; Assembler                 ; Admin-PC         ; Windows 7 ; 6.2        ; x86_64         ;
; TimeQuest Timing Analyzer ; Admin-PC         ; Windows 7 ; 6.2        ; x86_64         ;
; EDA Netlist Writer        ; Admin-PC         ; Windows 7 ; 6.2        ; x86_64         ;
+---------------------------+------------------+-----------+------------+----------------+


------------
; Flow Log ;
------------
quartus_map --read_settings_files=on --write_settings_files=off RV32I -c RV32I
quartus_fit --read_settings_files=off --write_settings_files=off RV32I -c RV32I
quartus_asm --read_settings_files=off --write_settings_files=off RV32I -c RV32I
quartus_sta RV32I -c RV32I
quartus_eda --read_settings_files=off --write_settings_files=off RV32I -c RV32I



